#
# There is insufficient memory for the Java Runtime Environment to continue.
# Native memory allocation (malloc) failed to allocate 1048576 bytes for AllocateHeap
# Possible reasons:
#   The system is out of physical RAM or swap space
#   The process is running with CompressedOops enabled, and the Java Heap may be blocking the growth of the native heap
# Possible solutions:
#   Reduce memory load on the system
#   Increase physical memory or swap space
#   Check if swap backing store is full
#   Decrease Java heap size (-Xmx/-Xms)
#   Decrease number of Java threads
#   Decrease Java thread stack sizes (-Xss)
#   Set larger code cache with -XX:ReservedCodeCacheSize=
#   JVM is running with Zero Based Compressed Oops mode in which the Java heap is
#     placed in the first 32GB address space. The Java Heap base address is the
#     maximum limit for the native heap growth. Please use -XX:HeapBaseMinAddress
#     to set the Java Heap base and to place the Java Heap above 32GB virtual address.
# This output file may be truncated or incomplete.
#
#  Out of Memory Error (memory/allocation.inline.hpp:61), pid=17976, tid=0x00000000000043e0
#
# JRE version:  (8.0_312-b07) (build )
# Java VM: OpenJDK 64-Bit Server VM (25.312-b07 mixed mode windows-amd64 compressed oops)
# Failed to write core dump. Minidumps are not enabled by default on client versions of Windows
#

---------------  T H R E A D  ---------------

Current thread (0x0000023778d9a000):  JavaThread "Unknown thread" [_thread_in_vm, id=17376, stack(0x0000009a5aa00000,0x0000009a5ab00000)]

Stack: [0x0000009a5aa00000,0x0000009a5ab00000]
[error occurred during error reporting (printing stack bounds), id 0xc0000005]

Native frames: (J=compiled Java code, j=interpreted, Vv=VM code, C=native code)


---------------  P R O C E S S  ---------------

Java Threads: ( => current thread )

Other Threads:

=>0x0000023778d9a000 (exited) JavaThread "Unknown thread" [_thread_in_vm, id=17376, stack(0x0000009a5aa00000,0x0000009a5ab00000)]

VM state:not at safepoint (normal execution)

VM Mutex/Monitor currently owned by a thread: None

heap address: 0x00000006c1e00000, size: 4066 MB, Compressed Oops mode: Zero based, Oop shift amount: 3
Narrow klass base: 0x0000000000000000, Narrow klass shift: 3
Compressed class space size: 1073741824 Address: 0x00000007c0000000

Heap:
 PSYoungGen      total 76288K, used 1310K [0x000000076b500000, 0x0000000770a00000, 0x00000007c0000000)
  eden space 65536K, 2% used [0x000000076b500000,0x000000076b647af0,0x000000076f500000)
  from space 10752K, 0% used [0x000000076ff80000,0x000000076ff80000,0x0000000770a00000)
  to   space 10752K, 0% used [0x000000076f500000,0x000000076f500000,0x000000076ff80000)
 ParOldGen       total 175104K, used 0K [0x00000006c1e00000, 0x00000006cc900000, 0x000000076b500000)
  object space 175104K, 0% used [0x00000006c1e00000,0x00000006c1e00000,0x00000006cc900000)
 Metaspace       used 781K, capacity 4480K, committed 4480K, reserved 1056768K
  class space    used 76K, capacity 384K, committed 384K, reserved 1048576K

Card table byte_map: [0x000002377ada0000,0x000002377b5a0000] byte_map_base: 0x0000023777791000

Marking Bits: (ParMarkBitMap*) 0x0000000074a91860
 Begin Bits: [0x000002370f000000, 0x0000023712f88000)
 End Bits:   [0x0000023712f88000, 0x0000023716f10000)

Polling page: 0x0000023778e70000

CodeCache: size=245760Kb used=328Kb max_used=328Kb free=245431Kb
 bounds [0x0000023700000000, 0x0000023700270000, 0x000002370f000000]
 total_blobs=57 nmethods=0 adapters=38
 compilation: enabled

Compilation events (0 events):
No events

GC Heap History (0 events):
No events

Deoptimization events (0 events):
No events

Classes redefined (0 events):
No events

Internal exceptions (0 events):
No events

Events (10 events):
Event: 0.027 loading class java/lang/Short
Event: 0.027 loading class java/lang/Short done
Event: 0.027 loading class java/lang/Integer
Event: 0.027 loading class java/lang/Integer done
Event: 0.027 loading class java/lang/Long
Event: 0.027 loading class java/lang/Long done
Event: 0.028 loading class java/lang/NullPointerException
Event: 0.029 loading class java/lang/NullPointerException done
Event: 0.029 loading class java/lang/ArithmeticException
Event: 0.029 loading class java/lang/ArithmeticException done


Dynamic libraries:
0x00007ff68f5c0000 - 0x00007ff68f5fa000 	D:\Java\jdks\corretto-1.8.0_312\corretto-1.8.0_312\bin\java.exe
0x00007ffc87750000 - 0x00007ffc87945000 	C:\Windows\SYSTEM32\ntdll.dll
0x00007ffc86400000 - 0x00007ffc864bd000 	C:\Windows\System32\KERNEL32.DLL
0x00007ffc84f50000 - 0x00007ffc8521d000 	C:\Windows\System32\KERNELBASE.dll
0x00007ffc869d0000 - 0x00007ffc86a7e000 	C:\Windows\System32\ADVAPI32.dll
0x00007ffc866d0000 - 0x00007ffc8676e000 	C:\Windows\System32\msvcrt.dll
0x00007ffc85f90000 - 0x00007ffc8602c000 	C:\Windows\System32\sechost.dll
0x00007ffc86a80000 - 0x00007ffc86ba5000 	C:\Windows\System32\RPCRT4.dll
0x00007ffc85830000 - 0x00007ffc859d0000 	C:\Windows\System32\USER32.dll
0x00007ffc84ed0000 - 0x00007ffc84ef2000 	C:\Windows\System32\win32u.dll
0x00007ffc85a50000 - 0x00007ffc85a7a000 	C:\Windows\System32\GDI32.dll
0x00007ffc854a0000 - 0x00007ffc855ab000 	C:\Windows\System32\gdi32full.dll
0x00007ffc85250000 - 0x00007ffc852ed000 	C:\Windows\System32\msvcp_win.dll
0x00007ffc852f0000 - 0x00007ffc853f0000 	C:\Windows\System32\ucrtbase.dll
0x00007ffc6fea0000 - 0x00007ffc7013a000 	C:\Windows\WinSxS\amd64_microsoft.windows.common-controls_6595b64144ccf1df_6.0.19041.1110_none_60b5254171f9507e\COMCTL32.dll
0x00007ffc85ae0000 - 0x00007ffc85b10000 	C:\Windows\System32\IMM32.DLL
0x00007ffc4e230000 - 0x00007ffc4e31f000 	D:\Java\jdks\corretto-1.8.0_312\corretto-1.8.0_312\jre\bin\msvcr120.dll
0x00007ffc57910000 - 0x00007ffc579b6000 	D:\Java\jdks\corretto-1.8.0_312\corretto-1.8.0_312\jre\bin\msvcp120.dll
0x00000000742a0000 - 0x0000000074b10000 	D:\Java\jdks\corretto-1.8.0_312\corretto-1.8.0_312\jre\bin\server\jvm.dll
0x00007ffc86030000 - 0x00007ffc86038000 	C:\Windows\System32\PSAPI.DLL
0x00007ffc7e530000 - 0x00007ffc7e53a000 	C:\Windows\SYSTEM32\VERSION.dll
0x00007ffc7e670000 - 0x00007ffc7e697000 	C:\Windows\SYSTEM32\WINMM.dll
0x00007ffc7f000000 - 0x00007ffc7f009000 	C:\Windows\SYSTEM32\WSOCK32.dll
0x00007ffc86900000 - 0x00007ffc8696b000 	C:\Windows\System32\WS2_32.dll
0x00007ffc735c0000 - 0x00007ffc735cf000 	D:\Java\jdks\corretto-1.8.0_312\corretto-1.8.0_312\jre\bin\verify.dll
0x00007ffc71450000 - 0x00007ffc71479000 	D:\Java\jdks\corretto-1.8.0_312\corretto-1.8.0_312\jre\bin\java.dll
0x00007ffc7e330000 - 0x00007ffc7e35a000 	D:\Java\jdks\corretto-1.8.0_312\corretto-1.8.0_312\jre\bin\instrument.dll
0x00007ffc6ab10000 - 0x00007ffc6ab26000 	D:\Java\jdks\corretto-1.8.0_312\corretto-1.8.0_312\jre\bin\zip.dll

VM Arguments:
jvm_args: -XX:TieredStopAtLevel=1 -Xverify:none -Dspring.output.ansi.enabled=always -Dcom.sun.management.jmxremote -Dspring.jmx.enabled=true -Dspring.liveBeansView.mbeanDomain -Dspring.application.admin.enabled=true -javaagent:D:\Program software\JetBrains\IntelliJ IDEA 2021.3.1\lib\idea_rt.jar=5660:D:\Program software\JetBrains\IntelliJ IDEA 2021.3.1\bin -Dfile.encoding=UTF-8 
java_command: com.leyou.LyOrderApplication
java_class_path (initial): D:\Java\jdks\corretto-1.8.0_312\corretto-1.8.0_312\jre\lib\charsets.jar;D:\Java\jdks\corretto-1.8.0_312\corretto-1.8.0_312\jre\lib\ext\access-bridge-64.jar;D:\Java\jdks\corretto-1.8.0_312\corretto-1.8.0_312\jre\lib\ext\cldrdata.jar;D:\Java\jdks\corretto-1.8.0_312\corretto-1.8.0_312\jre\lib\ext\dnsns.jar;D:\Java\jdks\corretto-1.8.0_312\corretto-1.8.0_312\jre\lib\ext\jaccess.jar;D:\Java\jdks\corretto-1.8.0_312\corretto-1.8.0_312\jre\lib\ext\jfxrt.jar;D:\Java\jdks\corretto-1.8.0_312\corretto-1.8.0_312\jre\lib\ext\localedata.jar;D:\Java\jdks\corretto-1.8.0_312\corretto-1.8.0_312\jre\lib\ext\nashorn.jar;D:\Java\jdks\corretto-1.8.0_312\corretto-1.8.0_312\jre\lib\ext\sunec.jar;D:\Java\jdks\corretto-1.8.0_312\corretto-1.8.0_312\jre\lib\ext\sunjce_provider.jar;D:\Java\jdks\corretto-1.8.0_312\corretto-1.8.0_312\jre\lib\ext\sunmscapi.jar;D:\Java\jdks\corretto-1.8.0_312\corretto-1.8.0_312\jre\lib\ext\sunpkcs11.jar;D:\Java\jdks\corretto-1.8.0_312\corretto-1.8.0_312\jre\lib\ext\zipfs.jar;D:\Java\jdks\corretto-1.8.0_312\corretto-1.8.0_312\jre\lib\jce.jar;D:\Java\jdks\corretto-1.8.0_312\corretto-1.8.0_312\jre\lib\jfr.jar;D:\Java\jdks\corretto-1.8.0_312\corretto-1.8.0_312\jre\lib\jfxswt.jar;D:\Java\jdks\corretto-1.8.0_312\corretto-1.8.0_312\jre\lib\jsse.jar;D:\Java\jdks\corretto-1.8.0_312\corretto-1.8.0_312\jre\lib\management-agent.jar;D:\Java\jdks\corretto-1.8.0_312\corretto-1.8.0_312\jre\lib\resources.jar;D:\Java\jdks\corretto-1.8.0_312\corretto-1.8.0_312\jre\lib\rt.jar;E:\Code\javaproject\leyou_store\leyou\ly-order\target\classes;D:\maven\maven_repository\org\springframework\cloud\spring-cloud-starter-netflix-eureka-client\2.0.1.RELEASE\spring-cloud-starter-netflix-eureka-client-2.0.1.RELEASE.jar;D:\maven\maven_repository\org\springframework\cloud\spring-cloud-starter\2.0.1.RELEASE\spring-cloud-starter-2.0.1.RELEASE.jar;D:\maven\maven_repository\org\springframework\cloud\spring-cloud-context\2.0.1.RELEASE\spring-cloud-context-2.0.1.RELEASE.jar;D:\mave
Launcher Type: SUN_STANDARD

Environment Variables:
JAVA_HOME=D:\Java\jdks\corretto-1.8.0_312\corretto-1.8.0_312
CLASSPATH=.;D:\Java\jdks\corretto-1.8.0_312\corretto-1.8.0_312\lib\dt.jar;D:\Java\jdks\corretto-1.8.0_312\corretto-1.8.0_312\lib\tools.jar; 
PATH=C:\Windows\system32;C:\Windows;C:\Windows\System32\Wbem;C:\Windows\System32\WindowsPowerShell\v1.0\;C:\Windows\System32\OpenSSH\;D:\Program Files\Pandoc\;D:\Java\jdks\corretto-1.8.0_312\corretto-1.8.0_312\bin;D:\Java\jdks\corretto-1.8.0_312\corretto-1.8.0_312\jre\bin;C:\Program Files\MySQL\MySQL Server 5.7\bin;D:\nodejs\;C:\Users\Yohan\AppData\Local\Microsoft\WindowsApps;;D:\Program software\Microsoft VS Code\bin;C:\Users\Yohan\AppData\Roaming\npm
USERNAME=Yohan
OS=Windows_NT
PROCESSOR_IDENTIFIER=Intel64 Family 6 Model 158 Stepping 10, GenuineIntel



---------------  S Y S T E M  ---------------

OS: Windows 10.0 , 64 bit Build 19041 (10.0.19041.1706)

CPU:total 8 (initial active 8) (4 cores per cpu, 2 threads per core) family 6 model 158 stepping 10, cmov, cx8, fxsr, mmx, sse, sse2, sse3, ssse3, sse4.1, sse4.2, popcnt, avx, avx2, aes, clmul, erms, 3dnowpref, lzcnt, ht, tsc, tscinvbit, bmi1, bmi2, adx

Memory: 4k page, physical 16646644k(873656k free), swap 20840948k(5156k free)

vm_info: OpenJDK 64-Bit Server VM (25.312-b07) for windows-amd64 JRE (1.8.0_312-b07), built on Oct 14 2021 21:08:49 by "Administrator" with MS VC++ 12.0 (VS2013)

time: Sat May 28 08:54:03 2022
timezone: ?D1¨²¡À¨º¡Á?¨º¡À??
elapsed time: 0.046642 seconds (0d 0h 0m 0s)

